{
  "suite": "kingbasees_phase9_8_driver_inventory",
  "generated_at": "2026-07-13T03:21:13.481169+00:00",
  "status": "PASS",
  "filename": "ksycopg2-2.9.1-cp312-cp312-manylinux1_x86_64.whl",
  "package": "ksycopg2",
  "version": "2.9.1",
  "size": 4423009,
  "sha256": "59D2D19439FA0D8AE66A7972EF9EF1FE461E84389D50BC3E90C59ABB4962287A",
  "python_tag": "cp312",
  "platform_tag": "manylinux1_x86_64",
  "wheel_tags": [
    "cp312-cp312-manylinux1_x86_64"
  ],
  "license": "LGPL with exceptions",
  "source": "Kingbase-maintained PyPI distribution; locally preserved official candidate",
  "required_by": "KingbaseES Adapter and plugin-owned dialect",
  "included_in_package": true,
  "verification_status": "DRIVER_PROVENANCE_RECONFIRMED / DRIVER_SHA256_VERIFIED",
  "checks": {
    "expected_sha256": true,
    "package": true,
    "version": true,
    "tag": true,
    "native_extension": true,
    "bundled_libkci": true,
    "license_in_wheel": true,
    "ldd_missing_zero": true
  },
  "native": {
    "extension": "ksycopg2/_ksycopg.cpython-312-x86_64-linux-gnu.so",
    "libkci": "ksycopg2/libkci.so.5",
    "libkci_sha256": "0A242DDC4FE55728DDD5966D3D158AA9B1BC5DB4D36A9CA651D13177E503A3FF",
    "readelf_header": {
      "command": [
        "readelf",
        "-h",
        "/tmp/phase98-wheel-t946z0kj/ksycopg2/_ksycopg.cpython-312-x86_64-linux-gnu.so"
      ],
      "exit_code": 0,
      "stdout": [
        "ELF Header:",
        "  Magic:   7f 45 4c 46 02 01 01 00 00 00 00 00 00 00 00 00 ",
        "  Class:                             ELF64",
        "  Data:                              2's complement, little endian",
        "  Version:                           1 (current)",
        "  OS/ABI:                            UNIX - System V",
        "  ABI Version:                       0",
        "  Type:                              DYN (Shared object file)",
        "  Machine:                           Advanced Micro Devices X86-64",
        "  Version:                           0x1",
        "  Entry point address:               0x11da0",
        "  Start of program headers:          64 (bytes into file)",
        "  Start of section headers:          1324936 (bytes into file)",
        "  Flags:                             0x0",
        "  Size of this header:               64 (bytes)",
        "  Size of program headers:           56 (bytes)",
        "  Number of program headers:         7",
        "  Size of section headers:           64 (bytes)",
        "  Number of section headers:         37",
        "  Section header string table index: 36"
      ],
      "stderr": []
    },
    "readelf_dynamic": {
      "command": [
        "readelf",
        "-d",
        "/tmp/phase98-wheel-t946z0kj/ksycopg2/_ksycopg.cpython-312-x86_64-linux-gnu.so"
      ],
      "exit_code": 0,
      "stdout": [
        "",
        "Dynamic section at offset 0x45d00 contains 27 entries:",
        "  Tag        Type                         Name/Value",
        " 0x0000000000000001 (NEEDED)             Shared library: [libkci.so.5]",
        " 0x0000000000000001 (NEEDED)             Shared library: [libpthread.so.0]",
        " 0x0000000000000001 (NEEDED)             Shared library: [libc.so.6]",
        " 0x000000000000001d (RUNPATH)            Library runpath: [$ORIGIN]",
        " 0x000000000000000c (INIT)               0x10bf8",
        " 0x000000000000000d (FINI)               0x31658",
        " 0x0000000000000019 (INIT_ARRAY)         0x244418",
        " 0x000000000000001b (INIT_ARRAYSZ)       16 (bytes)",
        " 0x000000000000001a (FINI_ARRAY)         0x244428",
        " 0x000000000000001c (FINI_ARRAYSZ)       16 (bytes)",
        " 0x000000006ffffef5 (GNU_HASH)           0x1f0",
        " 0x0000000000000005 (STRTAB)             0x23c0",
        " 0x0000000000000006 (SYMTAB)             0x3b0",
        " 0x000000000000000a (STRSZ)              5549 (bytes)",
        " 0x000000000000000b (SYMENT)             24 (bytes)",
        " 0x0000000000000003 (PLTGOT)             0x246000",
        " 0x0000000000000002 (PLTRELSZ)           6672 (bytes)",
        " 0x0000000000000014 (PLTREL)             RELA",
        " 0x0000000000000017 (JMPREL)             0xf1e8",
        " 0x0000000000000007 (RELA)               0x3c80",
        " 0x0000000000000008 (RELASZ)             46440 (bytes)",
        " 0x0000000000000009 (RELAENT)            24 (bytes)",
        " 0x000000006ffffffe (VERNEED)            0x3c20",
        " 0x000000006fffffff (VERNEEDNUM)         2",
        " 0x000000006ffffff0 (VERSYM)             0x396e",
        " 0x000000006ffffff9 (RELACOUNT)          1898",
        " 0x0000000000000000 (NULL)               0x0"
      ],
      "stderr": []
    },
    "readelf_versions": {
      "command": [
        "readelf",
        "--version-info",
        "/tmp/phase98-wheel-t946z0kj/ksycopg2/_ksycopg.cpython-312-x86_64-linux-gnu.so"
      ],
      "exit_code": 0,
      "stdout": [
        "",
        "Version symbols section '.gnu.version' contains 342 entries:",
        " Addr: 0x000000000000396e  Offset: 0x0000396e  Link: 3 (.dynsym)",
        "  000:   0 (*local*)       2 (GLIBC_2.3)     0 (*local*)       3 (GLIBC_2.2.5)",
        "  004:   0 (*local*)       0 (*local*)       0 (*local*)       3 (GLIBC_2.2.5)",
        "  008:   0 (*local*)       0 (*local*)       3 (GLIBC_2.2.5)   3 (GLIBC_2.2.5)",
        "  00c:   0 (*local*)       4 (GLIBC_2.2.5)   3 (GLIBC_2.2.5)   3 (GLIBC_2.2.5)",
        "  010:   0 (*local*)       0 (*local*)       0 (*local*)       0 (*local*)    ",
        "  014:   0 (*local*)       0 (*local*)       3 (GLIBC_2.2.5)   0 (*local*)    ",
        "  018:   0 (*local*)       0 (*local*)       3 (GLIBC_2.2.5)   0 (*local*)    ",
        "  01c:   0 (*local*)       0 (*local*)       0 (*local*)       0 (*local*)    ",
        "  020:   0 (*local*)       0 (*local*)       3 (GLIBC_2.2.5)   0 (*local*)    ",
        "  024:   3 (GLIBC_2.2.5)   0 (*local*)       0 (*local*)       0 (*local*)    ",
        "  028:   0 (*local*)       0 (*local*)       3 (GLIBC_2.2.5)   0 (*local*)    ",
        "  02c:   0 (*local*)       0 (*local*)       0 (*local*)       0 (*local*)    ",
        "  030:   3 (GLIBC_2.2.5)   0 (*local*)       0 (*local*)       0 (*local*)    ",
        "  034:   0 (*local*)       0 (*local*)       0 (*local*)       0 (*local*)    ",
        "  038:   0 (*local*)       0 (*local*)       0 (*local*)       3 (GLIBC_2.2.5)",
        "  03c:   3 (GLIBC_2.2.5)   0 (*local*)       3 (GLIBC_2.2.5)   0 (*local*)    ",
        "  040:   0 (*local*)       3 (GLIBC_2.2.5)   0 (*local*)       0 (*local*)    ",
        "  044:   3 (GLIBC_2.2.5)   0 (*local*)       0 (*local*)       0 (*local*)    ",
        "  048:   3 (GLIBC_2.2.5)   0 (*local*)       0 (*local*)       3 (GLIBC_2.2.5)",
        "  04c:   3 (GLIBC_2.2.5)   0 (*local*)       4 (GLIBC_2.2.5)   0 (*local*)    ",
        "  050:   0 (*local*)       0 (*local*)       0 (*local*)       3 (GLIBC_2.2.5)",
        "  054:   0 (*local*)       0 (*local*)       3 (GLIBC_2.2.5)   0 (*local*)    ",
        "  058:   0 (*local*)       0 (*local*)       3 (GLIBC_2.2.5)   0 (*local*)    ",
        "  05c:   0 (*local*)       0 (*local*)       3 (GLIBC_2.2.5)   0 (*local*)    ",
        "  060:   0 (*local*)       0 (*local*)       0 (*local*)       0 (*local*)    ",
        "  064:   0 (*local*)       0 (*local*)       3 (GLIBC_2.2.5)   0 (*local*)    ",
        "  068:   0 (*local*)       0 (*local*)       0 (*local*)       0 (*local*)    ",
        "  06c:   0 (*local*)       0 (*local*)       0 (*local*)       0 (*local*)    ",
        "  070:   0 (*local*)       0 (*local*)       0 (*local*)       3 (GLIBC_2.2.5)",
        "  074:   0 (*local*)       0 (*local*)       0 (*local*)       0 (*local*)    ",
        "  078:   0 (*local*)       0 (*local*)       3 (GLIBC_2.2.5)   0 (*local*)    ",
        "  07c:   0 (*local*)       0 (*local*)       0 (*local*)       0 (*local*)    ",
        "  080:   0 (*local*)       0 (*local*)       3 (GLIBC_2.2.5)   0 (*local*)    ",
        "  084:   0 (*local*)       0 (*local*)       0 (*local*)       0 (*local*)    ",
        "  088:   3 (GLIBC_2.2.5)   0 (*local*)       0 (*local*)       0 (*local*)    ",
        "  08c:   0 (*local*)       0 (*local*)       0 (*local*)       0 (*local*)    ",
        "  090:   3 (GLIBC_2.2.5)   0 (*local*)       0 (*local*)       5 (GLIBC_2.14) ",
        "  094:   0 (*local*)       0 (*local*)       0 (*local*)       0 (*local*)    ",
        "  098:   0 (*local*)       0 (*local*)       0 (*local*)       0 (*local*)    ",
        "  09c:   3 (GLIBC_2.2.5)   0 (*local*)       0 (*local*)       0 (*local*)    ",
        "  0a0:   0 (*local*)       4 (GLIBC_2.2.5)   0 (*local*)       3 (GLIBC_2.2.5)",
        "  0a4:   0 (*local*)       3 (GLIBC_2.2.5)   3 (GLIBC_2.2.5)   0 (*local*)    ",
        "  0a8:   0 (*local*)       0 (*local*)       0 (*local*)       0 (*local*)    ",
        "  0ac:   0 (*local*)       0 (*local*)       0 (*local*)       0 (*local*)    ",
        "  0b0:   0 (*local*)       0 (*local*)       0 (*local*)       0 (*local*)    ",
        "  0b4:   0 (*local*)       0 (*local*)       0 (*local*)       0 (*local*)    ",
        "  0b8:   0 (*local*)       0 (*local*)       0 (*local*)       0 (*local*)    ",
        "  0bc:   0 (*local*)       0 (*local*)       0 (*local*)       0 (*local*)    ",
        "  0c0:   0 (*local*)       0 (*local*)       0 (*local*)       0 (*local*)    ",
        "  0c4:   0 (*local*)       0 (*local*)       0 (*local*)       0 (*local*)    ",
        "  0c8:   0 (*local*)       0 (*local*)       0 (*local*)       3 (GLIBC_2.2.5)",
        "  0cc:   0 (*local*)       0 (*local*)       4 (GLIBC_2.2.5)   0 (*local*)    ",
        "  0d0:   0 (*local*)       0 (*local*)       0 (*local*)       0 (*local*)    ",
        "  0d4:   0 (*local*)       0 (*local*)       3 (GLIBC_2.2.5)   0 (*local*)    ",
        "  0d8:   0 (*local*)       0 (*local*)       0 (*local*)       0 (*local*)    ",
        "  0dc:   0 (*local*)       0 (*local*)       0 (*local*)       0 (*local*)    ",
        "  0e0:   3 (GLIBC_2.2.5)   0 (*local*)       0 (*local*)       0 (*local*)    ",
        "  0e4:   0 (*local*)       0 (*local*)       0 (*local*)       0 (*local*)    ",
        "  0e8:   0 (*local*)       0 (*local*)       0 (*local*)       3 (GLIBC_2.2.5)",
        "  0ec:   0 (*local*)       0 (*local*)       0 (*local*)       0 (*local*)    ",
        "  0f0:   0 (*local*)       0 (*local*)       0 (*local*)       0 (*local*)    ",
        "  0f4:   0 (*local*)       3 (GLIBC_2.2.5)   0 (*local*)       0 (*local*)    ",
        "  0f8:   0 (*local*)       0 (*local*)       0 (*local*)       0 (*local*)    ",
        "  0fc:   0 (*local*)       0 (*local*)       0 (*local*)       0 (*local*)    ",
        "  100:   0 (*local*)       0 (*local*)       0 (*local*)       0 (*local*)    ",
        "  104:   0 (*local*)       0 (*local*)       0 (*local*)       0 (*local*)    ",
        "  108:   0 (*local*)       0 (*local*)       0 (*local*)       3 (GLIBC_2.2.5)",
        "  10c:   0 (*local*)       0 (*local*)       4 (GLIBC_2.2.5)   3 (GLIBC_2.2.5)",
        "  110:   0 (*local*)       0 (*local*)       0 (*local*)       0 (*local*)    ",
        "  114:   3 (GLIBC_2.2.5)   0 (*local*)       0 (*local*)       4 (GLIBC_2.2.5)",
        "  118:   0 (*local*)       0 (*local*)       2 (GLIBC_2.3)     0 (*local*)    ",
        "  11c:   0 (*local*)       0 (*local*)       0 (*local*)       1 (*global*)   ",
        "  120:   1 (*global*)      1 (*global*)      1 (*global*)      1 (*global*)   ",
        "  124:   1 (*global*)      1 (*global*)      1 (*global*)      1 (*global*)   ",
        "  128:   1 (*global*)      1 (*global*)      1 (*global*)      1 (*global*)   ",
        "  12c:   1 (*global*)      1 (*global*)      1 (*global*)      1 (*global*)   ",
        "  130:   1 (*global*)      1 (*global*)      1 (*global*)      1 (*global*)   ",
        "  134:   1 (*global*)      1 (*global*)      1 (*global*)      1 (*global*)   ",
        "  138:   1 (*global*)      1 (*global*)      1 (*global*)      1 (*global*)   ",
        "  13c:   1 (*global*)      1 (*global*)      1 (*global*)      1 (*global*)   ",
        "  140:   1 (*global*)      1 (*global*)      1 (*global*)      1 (*global*)   ",
        "  144:   1 (*global*)      1 (*global*)      1 (*global*)      1 (*global*)   ",
        "  148:   1 (*global*)      1 (*global*)      1 (*global*)      1 (*global*)   ",
        "  14c:   1 (*global*)      1 (*global*)      1 (*global*)      1 (*global*)   ",
        "  150:   1 (*global*)      1 (*global*)      1 (*global*)      1 (*global*)   ",
        "  154:   1 (*global*)      1 (*global*)   ",
        "",
        "Version needs section '.gnu.version_r' contains 2 entries:",
        " Addr: 0x0000000000003c20  Offset: 0x00003c20  Link: 4 (.dynstr)",
        "  000000: Version: 1  File: libpthread.so.0  Cnt: 1",
        "  0x0010:   Name: GLIBC_2.2.5  Flags: none  Version: 4",
        "  0x0020: Version: 1  File: libc.so.6  Cnt: 3",
        "  0x0030:   Name: GLIBC_2.14  Flags: none  Version: 5",
        "  0x0040:   Name: GLIBC_2.2.5  Flags: none  Version: 3",
        "  0x0050:   Name: GLIBC_2.3  Flags: none  Version: 2"
      ],
      "stderr": []
    },
    "ldd": {
      "command": [
        "ldd",
        "/tmp/phase98-wheel-t946z0kj/ksycopg2/_ksycopg.cpython-312-x86_64-linux-gnu.so"
      ],
      "exit_code": 0,
      "stdout": [
        "\tlinux-vdso.so.1 (0x00007fff1f983000)",
        "\tlibkci.so.5 => /tmp/phase98-wheel-t946z0kj/ksycopg2/libkci.so.5 (0x0000759e5d800000)",
        "\tlibpthread.so.0 => /lib/x86_64-linux-gnu/libpthread.so.0 (0x0000759e5e603000)",
        "\tlibc.so.6 => /lib/x86_64-linux-gnu/libc.so.6 (0x0000759e5d5ee000)",
        "\tlibstdc++.so.6 => /lib/x86_64-linux-gnu/libstdc++.so.6 (0x0000759e5d370000)",
        "\tlibgcc_s.so.1 => /lib/x86_64-linux-gnu/libgcc_s.so.1 (0x0000759e5e5d5000)",
        "\t/lib64/ld-linux-x86-64.so.2 (0x0000759e5e611000)",
        "\tlibm.so.6 => /lib/x86_64-linux-gnu/libm.so.6 (0x0000759e5e4ea000)"
      ],
      "stderr": []
    }
  }
}
