Looking in links: /phase98/candidate/wheels, /phase98/candidate/./wheels
Processing /phase98/candidate/wheels/dify_plugin-0.6.2-py3-none-any.whl (from -r /phase98/candidate/requirements.txt (line 6))
Processing /phase98/candidate/wheels/sqlalchemy-2.0.51-cp312-cp312-manylinux2014_x86_64.manylinux_2_17_x86_64.manylinux_2_28_x86_64.whl (from -r /phase98/candidate/requirements.txt (line 7))
Processing /phase98/candidate/wheels/pymysql-1.2.0-py3-none-any.whl (from -r /phase98/candidate/requirements.txt (line 8))
Processing /phase98/candidate/wheels/psycopg2_binary-2.9.12-cp312-cp312-manylinux2014_x86_64.manylinux_2_17_x86_64.whl (from -r /phase98/candidate/requirements.txt (line 9))
Processing /phase98/candidate/wheels/pymssql-2.3.13-cp312-cp312-manylinux_2_27_x86_64.manylinux_2_28_x86_64.whl (from -r /phase98/candidate/requirements.txt (line 10))
Processing /phase98/candidate/wheels/dmPython-2.5.32-cp312-cp312-linux_x86_64.whl (from -r /phase98/candidate/requirements.txt (line 11))
Processing /phase98/candidate/wheels/dmsqlalchemy-2.0.12-py3-none-any.whl (from -r /phase98/candidate/requirements.txt (line 12))
Processing /phase98/candidate/wheels/ksycopg2-2.9.1-cp312-cp312-manylinux1_x86_64.whl (from -r /phase98/candidate/requirements.txt (line 13))
Processing /phase98/candidate/wheels/flask-3.0.3-py3-none-any.whl (from dify_plugin==0.6.2->-r /phase98/candidate/requirements.txt (line 6))
Processing /phase98/candidate/wheels/werkzeug-3.0.6-py3-none-any.whl (from dify_plugin==0.6.2->-r /phase98/candidate/requirements.txt (line 6))
Processing /phase98/candidate/wheels/dpkt-1.9.8-py3-none-any.whl (from dify_plugin==0.6.2->-r /phase98/candidate/requirements.txt (line 6))
Processing /phase98/candidate/wheels/gevent-25.5.1-cp312-cp312-manylinux_2_17_x86_64.manylinux2014_x86_64.whl (from dify_plugin==0.6.2->-r /phase98/candidate/requirements.txt (line 6))
Processing /phase98/candidate/wheels/httpx-0.28.1-py3-none-any.whl (from dify_plugin==0.6.2->-r /phase98/candidate/requirements.txt (line 6))
Processing /phase98/candidate/wheels/pydantic_settings-2.14.2-py3-none-any.whl (from dify_plugin==0.6.2->-r /phase98/candidate/requirements.txt (line 6))
Processing /phase98/candidate/wheels/pydantic-2.13.4-py3-none-any.whl (from dify_plugin==0.6.2->-r /phase98/candidate/requirements.txt (line 6))
Processing /phase98/candidate/wheels/pyyaml-6.0.3-cp312-cp312-manylinux2014_x86_64.manylinux_2_17_x86_64.manylinux_2_28_x86_64.whl (from dify_plugin==0.6.2->-r /phase98/candidate/requirements.txt (line 6))
Processing /phase98/candidate/wheels/requests-2.32.5-py3-none-any.whl (from dify_plugin==0.6.2->-r /phase98/candidate/requirements.txt (line 6))
Processing /phase98/candidate/wheels/socksio-1.0.0-py3-none-any.whl (from dify_plugin==0.6.2->-r /phase98/candidate/requirements.txt (line 6))
Processing /phase98/candidate/wheels/tiktoken-0.8.0-cp312-cp312-manylinux_2_17_x86_64.manylinux2014_x86_64.whl (from dify_plugin==0.6.2->-r /phase98/candidate/requirements.txt (line 6))
Processing /phase98/candidate/wheels/yarl-1.24.2-cp312-cp312-manylinux2014_x86_64.manylinux_2_17_x86_64.manylinux_2_28_x86_64.whl (from dify_plugin==0.6.2->-r /phase98/candidate/requirements.txt (line 6))
Processing /phase98/candidate/wheels/packaging-26.2-py3-none-any.whl (from dify_plugin==0.6.2->-r /phase98/candidate/requirements.txt (line 6))
Processing /phase98/candidate/wheels/greenlet-3.5.2-cp312-cp312-manylinux_2_24_x86_64.manylinux_2_28_x86_64.whl (from SQLAlchemy==2.0.51->-r /phase98/candidate/requirements.txt (line 7))
Processing /phase98/candidate/wheels/typing_extensions-4.15.0-py3-none-any.whl (from SQLAlchemy==2.0.51->-r /phase98/candidate/requirements.txt (line 7))
Processing /phase98/candidate/wheels/jinja2-3.1.6-py3-none-any.whl (from Flask~=3.0.3->dify_plugin==0.6.2->-r /phase98/candidate/requirements.txt (line 6))
Processing /phase98/candidate/wheels/itsdangerous-2.2.0-py3-none-any.whl (from Flask~=3.0.3->dify_plugin==0.6.2->-r /phase98/candidate/requirements.txt (line 6))
Processing /phase98/candidate/wheels/click-8.4.1-py3-none-any.whl (from Flask~=3.0.3->dify_plugin==0.6.2->-r /phase98/candidate/requirements.txt (line 6))
Processing /phase98/candidate/wheels/blinker-1.9.0-py3-none-any.whl (from Flask~=3.0.3->dify_plugin==0.6.2->-r /phase98/candidate/requirements.txt (line 6))
Processing /phase98/candidate/wheels/zope_event-6.2-py3-none-any.whl (from gevent~=25.5.1->dify_plugin==0.6.2->-r /phase98/candidate/requirements.txt (line 6))
Processing /phase98/candidate/wheels/zope_interface-8.5-cp312-cp312-manylinux1_x86_64.manylinux2014_x86_64.manylinux_2_17_x86_64.manylinux_2_5_x86_64.whl (from gevent~=25.5.1->dify_plugin==0.6.2->-r /phase98/candidate/requirements.txt (line 6))
Processing /phase98/candidate/wheels/anyio-4.14.0-py3-none-any.whl (from httpx~=0.28.1->dify_plugin==0.6.2->-r /phase98/candidate/requirements.txt (line 6))
Processing /phase98/candidate/wheels/certifi-2026.6.17-py3-none-any.whl (from httpx~=0.28.1->dify_plugin==0.6.2->-r /phase98/candidate/requirements.txt (line 6))
Processing /phase98/candidate/wheels/httpcore-1.0.9-py3-none-any.whl (from httpx~=0.28.1->dify_plugin==0.6.2->-r /phase98/candidate/requirements.txt (line 6))
Processing /phase98/candidate/wheels/idna-3.18-py3-none-any.whl (from httpx~=0.28.1->dify_plugin==0.6.2->-r /phase98/candidate/requirements.txt (line 6))
Processing /phase98/candidate/wheels/h11-0.16.0-py3-none-any.whl (from httpcore==1.*->httpx~=0.28.1->dify_plugin==0.6.2->-r /phase98/candidate/requirements.txt (line 6))
Processing /phase98/candidate/wheels/annotated_types-0.7.0-py3-none-any.whl (from pydantic>=2.8.2->dify_plugin==0.6.2->-r /phase98/candidate/requirements.txt (line 6))
Processing /phase98/candidate/wheels/pydantic_core-2.46.4-cp312-cp312-manylinux_2_17_x86_64.manylinux2014_x86_64.whl (from pydantic>=2.8.2->dify_plugin==0.6.2->-r /phase98/candidate/requirements.txt (line 6))
Processing /phase98/candidate/wheels/typing_inspection-0.4.2-py3-none-any.whl (from pydantic>=2.8.2->dify_plugin==0.6.2->-r /phase98/candidate/requirements.txt (line 6))
Processing /phase98/candidate/wheels/python_dotenv-1.2.2-py3-none-any.whl (from pydantic_settings<3.0.0,>=2.5.0->dify_plugin==0.6.2->-r /phase98/candidate/requirements.txt (line 6))
Processing /phase98/candidate/wheels/charset_normalizer-3.4.7-cp312-cp312-manylinux2014_x86_64.manylinux_2_17_x86_64.manylinux_2_28_x86_64.whl (from requests~=2.32.3->dify_plugin==0.6.2->-r /phase98/candidate/requirements.txt (line 6))
Processing /phase98/candidate/wheels/urllib3-2.7.0-py3-none-any.whl (from requests~=2.32.3->dify_plugin==0.6.2->-r /phase98/candidate/requirements.txt (line 6))
Processing /phase98/candidate/wheels/regex-2026.5.9-cp312-cp312-manylinux2014_x86_64.manylinux_2_17_x86_64.manylinux_2_28_x86_64.whl (from tiktoken~=0.8.0->dify_plugin==0.6.2->-r /phase98/candidate/requirements.txt (line 6))
Processing /phase98/candidate/wheels/markupsafe-3.0.3-cp312-cp312-manylinux2014_x86_64.manylinux_2_17_x86_64.manylinux_2_28_x86_64.whl (from Werkzeug~=3.0.3->dify_plugin==0.6.2->-r /phase98/candidate/requirements.txt (line 6))
Processing /phase98/candidate/wheels/multidict-6.7.1-cp312-cp312-manylinux2014_x86_64.manylinux_2_17_x86_64.manylinux_2_28_x86_64.whl (from yarl<2.0,>=1.9.4->dify_plugin==0.6.2->-r /phase98/candidate/requirements.txt (line 6))
Processing /phase98/candidate/wheels/propcache-0.5.2-cp312-cp312-manylinux2014_x86_64.manylinux_2_17_x86_64.manylinux_2_28_x86_64.whl (from yarl<2.0,>=1.9.4->dify_plugin==0.6.2->-r /phase98/candidate/requirements.txt (line 6))
Installing collected packages: dpkt, dmPython, zope.interface, zope.event, urllib3, typing-extensions, socksio, regex, pyyaml, python-dotenv, PyMySQL, pymssql, psycopg2-binary, propcache, packaging, multidict, MarkupSafe, ksycopg2, itsdangerous, idna, h11, greenlet, click, charset_normalizer, certifi, blinker, annotated-types, yarl, Werkzeug, typing-inspection, SQLAlchemy, requests, pydantic-core, Jinja2, httpcore, gevent, anyio, tiktoken, pydantic, httpx, Flask, dmSQLAlchemy, pydantic_settings, dify_plugin
Successfully installed Flask-3.0.3 Jinja2-3.1.6 MarkupSafe-3.0.3 PyMySQL-1.2.0 SQLAlchemy-2.0.51 Werkzeug-3.0.6 annotated-types-0.7.0 anyio-4.14.0 blinker-1.9.0 certifi-2026.6.17 charset_normalizer-3.4.7 click-8.4.1 dify_plugin-0.6.2 dmPython-2.5.32 dmSQLAlchemy-2.0.12 dpkt-1.9.8 gevent-25.5.1 greenlet-3.5.2 h11-0.16.0 httpcore-1.0.9 httpx-0.28.1 idna-3.18 itsdangerous-2.2.0 ksycopg2-2.9.1 multidict-6.7.1 packaging-26.2 propcache-0.5.2 psycopg2-binary-2.9.12 pydantic-2.13.4 pydantic-core-2.46.4 pydantic_settings-2.14.2 pymssql-2.3.13 python-dotenv-1.2.2 pyyaml-6.0.3 regex-2026.5.9 requests-2.32.5 socksio-1.0.0 tiktoken-0.8.0 typing-extensions-4.15.0 typing-inspection-0.4.2 urllib3-2.7.0 yarl-1.24.2 zope.event-6.2 zope.interface-8.5
WARNING: Running pip as the 'root' user can result in broken permissions and conflicting behaviour with the system package manager. It is recommended to use a virtual environment instead: https://pip.pypa.io/warnings/venv
